total 8
drwxr-xr-x    3 tlberglund  staff    102 Nov  9  2011 Applications
drwx------+   9 tlberglund  staff    306 Jun  5 08:17 Desktop
drwx------+  50 tlberglund  staff   1700 Jun  4 18:31 Documents
drwx------+  48 tlberglund  staff   1632 Jun  4 18:32 Downloads
drwx------@  35 tlberglund  staff   1190 Jun  2 07:40 Dropbox
drwxr-xr-x  911 tlberglund  staff  30974 Mar  3  2008 Fonts
drwx------@  68 tlberglund  staff   2312 May 25 20:36 Library
drwxr-xr-x    3 tlberglund  staff    102 Jul 12  2011 Mail
drwx------+  24 tlberglund  staff    816 May 30 08:12 Movies
drwx------+   8 tlberglund  staff    272 Jan 19  2010 Music
drwx------   53 tlberglund  staff   1802 Apr 14  2009 Old Personal Documents
drwx------+  46 tlberglund  staff   1564 Mar 15 04:59 Pictures
drwxrwxrwx+  10 tlberglund  staff    340 Jun 23  2011 Public
drwxr-xr-x   50 tlberglund  staff   1700 Apr 23 18:50 Purchased Software
drwxr-xr-x+  15 tlberglund  staff    510 May  5  2010 Sites
drwxr-xr-x  183 tlberglund  staff   6222 May 17 12:56 Tools
drwxr-xr-x  102 tlberglund  staff   3468 Jun  1 07:02 code
drwxr-xr-x    4 tlberglund  staff    136 Jun  7  2011 emacs-starter-kit.git
drwxr-xr-x    4 tlberglund  staff    136 Apr  2  2011 jdk
-rw-r--r--    1 tlberglund  staff   1355 Oct 12  2011 pgadmin.log
drwxr-xr-x    6 tlberglund  staff    204 Dec  7 03:41 poems
drwxr-xr-x   13 tlberglund  staff    442 Apr  3 10:26 scripts
drwxr-xr-x   15 tlberglund  staff    510 Apr 24 22:49 workshops
drwxr-xr-x    4 tlberglund  staff    136 Nov 16  2011 workspace
